### ISSUE TITLE
Out of bound read at libsixel/src/stb_image.h:stbi__jpeg_huff_decode:1899

### ISSUE THREAD

**Issue by tl455047** [libsixel/libsixel#49]
Hello, I found a out of bound read at libsixel/src/stb_image.h:stbi__jpeg_huff_decode:1899, 
which causes segmentation fault.

stb_image.h:stbi__jpeg_huff_decode:1899
```=c
...
1897    // convert the huffman code to the symbol id
1898    c = ((j->code_buffer >> (32 - k)) & stbi__bmask[k]) + h->delta[k];
1899   STBI_ASSERT((((j->code_buffer) >> (32 - h->size[c])) & stbi__bmask[h->size[c]]) == h->code[c]);
...
```
Seems that variable c becomes a strange value and is used as index of address h->size[c].
POC: [poc.zip](https://github.com/libsixel/libsixel/files/7433805/poc.zip)
command:
```
./build/converters/img2sixel poc
```
output
```
[1]    3141394 segmentation fault  ./build/converters/img2sixel
```
gdb
```
Program received signal SIGSEGV, Segmentation fault.
0x00007ffff7f726ad in stbi.jpeg_huff_decode () from /home/tl455047/disk2/tl455047/target/libsixel_maintain/libsixel/build/converters/../src/libsixel.so.1
LEGEND: STACK | HEAP | CODE | DATA | RWX | RODATA
─────────────────────────────────────────────────────────────────────────────────────[ REGISTERS ]─────────────────────────────────────────────────────────────────────────────────────
 RAX  0x1c
 RBX  0x55555555d0e8 ◂— 0xffffffffffffffff
 RCX  0x20
 RDX  0x0
 RDI  0xa
 RSI  0x3a0e2576
 R8   0x55555555fa48 ◂— 0xff03ff03ff03ff03
 R9   0x20
 R10  0x7ffff7fa9d20 (stbi.bmask) ◂— 0x100000000
 R11  0x0
 R12  0x7fffffffcf50 ◂— 0x0
 R13  0x7fffffffcf50 ◂— 0x0
 R14  0x2
 R15  0x55555555d0e8 ◂— 0xffffffffffffffff
 RBP  0x55555555c3c0 —▸ 0x7fffffffd380 ◂— 0x1c8000001a2
 RSP  0x7fffffffce80 —▸ 0x55555555fa48 ◂— 0xff03ff03ff03ff03
 RIP  0x7ffff7f726ad (stbi.jpeg_huff_decode+301) ◂— movzx  r8d, byte ptr [rbx + rsi + 0x500]
──────────────────────────────────────────────────────────────────────────────────────[ DISASM ]───────────────────────────────────────────────────────────────────────────────────────
 ► 0x7ffff7f726ad <stbi.jpeg_huff_decode+301>    movzx  r8d, byte ptr [rbx + rsi + 0x500]
   0x7ffff7f726b6 <stbi.jpeg_huff_decode+310>    sub    ecx, r8d
   0x7ffff7f726b9 <stbi.jpeg_huff_decode+313>    shr    r11d, cl
   0x7ffff7f726bc <stbi.jpeg_huff_decode+316>    mov    ecx, dword ptr [r10 + r8*4]
   0x7ffff7f726c0 <stbi.jpeg_huff_decode+320>    movzx  r8d, word ptr [rbx + rsi*2 + 0x200]
   0x7ffff7f726c9 <stbi.jpeg_huff_decode+329>    and    ecx, r11d
   0x7ffff7f726cc <stbi.jpeg_huff_decode+332>    cmp    ecx, r8d
   0x7ffff7f726cf <stbi.jpeg_huff_decode+335>    jne    stbi.jpeg_huff_decode+458                <stbi.jpeg_huff_decode+458>
    ↓
   0x7ffff7f7274a <stbi.jpeg_huff_decode+458>    lea    rcx, [rip + 0x3716f]          <0x7ffff7fa98c0>
   0x7ffff7f72751 <stbi.jpeg_huff_decode+465>    mov    edx, 0x76b
   0x7ffff7f72756 <stbi.jpeg_huff_decode+470>    lea    rsi, [rip + 0x365c0]
───────────────────────────────────────────────────────────────────────────────────────[ STACK ]───────────────────────────────────────────────────────────────────────────────────────
00:0000│ rsp 0x7fffffffce80 —▸ 0x55555555fa48 ◂— 0xff03ff03ff03ff03
01:0008│     0x7fffffffce88 —▸ 0x55555555c3c0 —▸ 0x7fffffffd380 ◂— 0x1c8000001a2
02:0010│     0x7fffffffce90 —▸ 0x55555555fa48 ◂— 0xff03ff03ff03ff03
03:0018│     0x7fffffffce98 —▸ 0x7ffff7f72979 (stbi.jpeg_decode_block+57) ◂— mov    esi, eax
04:0020│     0x7fffffffcea0 —▸ 0x55555555de08 ◂— 0x0
05:0028│     0x7fffffffcea8 ◂— 0x4547757fbab8000
06:0030│     0x7fffffffceb0 ◂— 0xa73eb18f58c0000
07:0038│     0x7fffffffceb8 ◂— 0x0
─────────────────────────────────────────────────────────────────────────────────────[ BACKTRACE ]─────────────────────────────────────────────────────────────────────────────────────
 ► f 0   0x7ffff7f726ad stbi.jpeg_huff_decode+301
   f 1   0x7ffff7f72979 stbi.jpeg_decode_block+57
   f 2   0x7ffff7f82577 stbi.decode_jpeg_image+4055
   f 3   0x7ffff7f85fb9 stbi.load_main+2585
   f 4   0x7ffff7f8b098 stbi.load_and_postprocess_8bit+56
   f 5   0x7ffff7f8bc0b load_with_builtin+331
   f 6   0x7ffff7f8d9d8 sixel_helper_load_image_file+184
   f 7   0x7ffff7f69476 sixel_encoder_encode+150
```

**Comment by ctrlcctrlv** [comment]
@dankamongmen I understand, I feel the same as well. We gave it a try, right? Do you think that Notcurses could be linked from Kitty? That'd remove my reason for maintaining as well…
